[  0%] Creating directories for 'pioasmBuild'
[  0%] Built target picotoolForceReconfigure
[  1%] No download step for 'pioasmBuild'
[  1%] Creating directories for 'picotoolBuild'
[  2%] No update step for 'pioasmBuild'
[  2%] No download step for 'picotoolBuild'
[  2%] No patch step for 'pioasmBuild'
[  2%] No update step for 'picotoolBuild'
[  2%] Performing configure step for 'pioasmBuild'
[  2%] No patch step for 'picotoolBuild'
Not searching for unused variables given on the command line.
loading initial cache file /Users/rich/Documents/Code/Pico/Atari-Keyboard/ultramegausb-atari-st-rpikbd/build-pico2_w/pico-sdk/src/rp2_common/pico_cyw43_driver/pioasm/tmp/pioasmBuild-cache-Release.cmake
[  3%] Performing configure step for 'picotoolBuild'
-- The CXX compiler identification is AppleClang 17.0.0.17000013
Not searching for unused variables given on the command line.
-- The C compiler identification is AppleClang 17.0.0.17000013
-- Detecting CXX compiler ABI info
-- The CXX compiler identification is AppleClang 17.0.0.17000013
-- Detecting C compiler ABI info
-- Detecting CXX compiler ABI info - done
-- Check for working CXX compiler: /usr/bin/c++ - skipped
-- Detecting CXX compile features
-- Detecting CXX compile features - done
-- Configuring done (0.3s)
-- Generating done (0.0s)
-- Build files have been written to: /Users/rich/Documents/Code/Pico/Atari-Keyboard/ultramegausb-atari-st-rpikbd/build-pico2_w/pioasm
[  3%] Performing build step for 'pioasmBuild'
-- Detecting C compiler ABI info - done
-- Check for working C compiler: /usr/bin/cc - skipped
-- Detecting C compile features
-- Detecting C compile features - done
-- Detecting CXX compiler ABI info
-- Detecting CXX compiler ABI info - done
-- Check for working CXX compiler: /usr/bin/c++ - skipped
-- Detecting CXX compile features
-- Detecting CXX compile features - done
-- Using the single-header code from /Users/rich/Documents/Code/Pico/Atari-Keyboard/ultramegausb-atari-st-rpikbd/build-pico2_w/_deps/picotool-src/lib/nlohmann_json/single_include/
PICOTOOL_NO_LIBUSB is set - no USB support will be built
-- Configuring done (1.0s)
-- Generating done (0.1s)
-- Build files have been written to: /Users/rich/Documents/Code/Pico/Atari-Keyboard/ultramegausb-atari-st-rpikbd/build-pico2_w/_deps/picotool-build
[  3%] Performing build step for 'picotoolBuild'
-- The C compiler identification is AppleClang 17.0.0.17000013
-- The C compiler identification is AppleClang 17.0.0.17000013
-- The CXX compiler identification is AppleClang 17.0.0.17000013
-- The CXX compiler identification is AppleClang 17.0.0.17000013
[  2%] Built target errors
-- The ASM compiler identification is AppleClang
-- Found assembler: /usr/bin/cc
-- The ASM compiler identification is AppleClang
-- Found assembler: /usr/bin/cc
-- Detecting C compiler ABI info
-- Detecting C compiler ABI info
[100%] Built target pioasm
[  3%] Performing install step for 'pioasmBuild'
-- Detecting C compiler ABI info - done
[100%] Built target pioasm
-- Check for working C compiler: /usr/bin/cc - skipped
-- Detecting C compile features
-- Detecting C compile features - done
-- Detecting CXX compiler ABI info
Install the project...
-- Install configuration: "Release"
-- Detecting C compiler ABI info - done
[  3%] Completed 'pioasmBuild'
-- Check for working C compiler: /usr/bin/cc - skipped
-- Detecting C compile features
-- Detecting C compile features - done
-- Detecting CXX compiler ABI info
[  3%] Built target pioasmBuild
[  3%] Generating cyw43_bus_pio_spi.pio.h
-- Detecting CXX compiler ABI info - done
-- Check for working CXX compiler: /usr/bin/c++ - skipped
-- Detecting CXX compile features
-- Detecting CXX compile features - done
Using precompiled enc_bootloader.elf
-- Configuring done (1.0s)
-- Generating done (0.0s)
-- Build files have been written to: /Users/rich/Documents/Code/Pico/Atari-Keyboard/ultramegausb-atari-st-rpikbd/build-pico2_w/_deps/picotool-build/enc_bootloader
-- Detecting CXX compiler ABI info - done
-- Check for working CXX compiler: /usr/bin/c++ - skipped
-- Detecting CXX compile features
-- Detecting CXX compile features - done
Using precompiled enc_bootloader.elf
-- Configuring done (1.0s)
-- Generating done (0.0s)
-- Build files have been written to: /Users/rich/Documents/Code/Pico/Atari-Keyboard/ultramegausb-atari-st-rpikbd/build-pico2_w/_deps/picotool-build/enc_bootloader_mbedtls
[  3%] Built target cyw43_driver_picow_cyw43_bus_pio_spi_pio_h
[  9%] Built target enc_bootloader
[ 16%] Built target enc_bootloader_mbedtls
[ 18%] Built target embedded_data_no_libusb
[ 20%] Built target elf
[ 88%] Built target mbedtls
[ 90%] Built target elf2uf2
[ 92%] Built target bintool
ld: warning: ignoring duplicate libraries: 'errors/liberrors.a'
[100%] Built target picotool
[  3%] Performing install step for 'picotoolBuild'
[  2%] Built target errors
[ 17%] Built target enc_bootloader
[ 17%] Built target enc_bootloader_mbedtls
[ 18%] Built target elf
[ 20%] Built target embedded_data_no_libusb
[ 88%] Built target mbedtls
[ 90%] Built target elf2uf2
[ 92%] Built target bintool
[100%] Built target picotool
Install the project...
-- Install configuration: "Release"
[  4%] Performing test step for 'picotoolBuild'
picotool v2.2.0 (Darwin, AppleClang-17.0.0.17000013, Release)

This version of picotool was compiled without USB support. Some commands are not available.
[  4%] Completed 'picotoolBuild'
[  4%] Built target picotoolBuild
[  4%] Building ASM object pico-sdk/src/rp2350/boot_stage2/CMakeFiles/bs2_default.dir/compile_time_choice.S.o
[  5%] Linking ASM executable bs2_default.elf
[  5%] Built target bs2_default
[  5%] Generating bs2_default.bin
[  5%] Generating bs2_default_padded_checksummed.S
[  6%] Building ASM object pico-sdk/src/rp2350/boot_stage2/CMakeFiles/bs2_default_library.dir/bs2_default_padded_checksummed.S.o
[  6%] Built target bs2_default_library
[  6%] Building C object libbluepad32/CMakeFiles/bluepad32.dir/bt/uni_bt.c.o
[  6%] Building C object libbluepad32/CMakeFiles/bluepad32.dir/bt/uni_bt_allowlist.c.o
[  6%] Building C object libbluepad32/CMakeFiles/bluepad32.dir/bt/uni_bt_le.c.o
[  6%] Building C object libbluepad32/CMakeFiles/bluepad32.dir/bt/uni_bt_conn.c.o
[  7%] Building C object libbluepad32/CMakeFiles/bluepad32.dir/bt/uni_bt_service.c.o
[  7%] Building C object libbluepad32/CMakeFiles/bluepad32.dir/bt/uni_bt_hci_cmd.c.o
[  7%] Building C object libbluepad32/CMakeFiles/bluepad32.dir/controller/uni_balance_board.c.o
[  7%] Building C object libbluepad32/CMakeFiles/bluepad32.dir/bt/uni_bt_setup.c.o
[  8%] Building C object libbluepad32/CMakeFiles/bluepad32.dir/controller/uni_controller.c.o
[  8%] Building C object libbluepad32/CMakeFiles/bluepad32.dir/controller/uni_controller_type.c.o
[  8%] Building C object libbluepad32/CMakeFiles/bluepad32.dir/controller/uni_gamepad.c.o
[  8%] Building C object libbluepad32/CMakeFiles/bluepad32.dir/controller/uni_mouse.c.o
[  8%] Building C object libbluepad32/CMakeFiles/bluepad32.dir/controller/uni_keyboard.c.o
[  9%] Building C object libbluepad32/CMakeFiles/bluepad32.dir/parser/uni_hid_parser.c.o
[  9%] Building C object libbluepad32/CMakeFiles/bluepad32.dir/parser/uni_hid_parser_8bitdo.c.o
[  9%] Building C object libbluepad32/CMakeFiles/bluepad32.dir/parser/uni_hid_parser_android.c.o
[  9%] Building C object libbluepad32/CMakeFiles/bluepad32.dir/parser/uni_hid_parser_atari.c.o
[ 10%] Building C object libbluepad32/CMakeFiles/bluepad32.dir/parser/uni_hid_parser_ds3.c.o
[ 10%] Building C object libbluepad32/CMakeFiles/bluepad32.dir/parser/uni_hid_parser_ds4.c.o
[ 10%] Building C object libbluepad32/CMakeFiles/bluepad32.dir/parser/uni_hid_parser_ds5.c.o
[ 10%] Building C object libbluepad32/CMakeFiles/bluepad32.dir/parser/uni_hid_parser_generic.c.o
[ 10%] Building C object libbluepad32/CMakeFiles/bluepad32.dir/parser/uni_hid_parser_icade.c.o
[ 10%] Building C object libbluepad32/CMakeFiles/bluepad32.dir/parser/uni_hid_parser_mouse.c.o
[ 11%] Building C object libbluepad32/CMakeFiles/bluepad32.dir/parser/uni_hid_parser_keyboard.c.o
[ 11%] Building C object libbluepad32/CMakeFiles/bluepad32.dir/parser/uni_hid_parser_nimbus.c.o
[ 11%] Building C object libbluepad32/CMakeFiles/bluepad32.dir/parser/uni_hid_parser_ouya.c.o
[ 11%] Building C object libbluepad32/CMakeFiles/bluepad32.dir/parser/uni_hid_parser_psmove.c.o
[ 12%] Building C object libbluepad32/CMakeFiles/bluepad32.dir/parser/uni_hid_parser_smarttvremote.c.o
[ 12%] Building C object libbluepad32/CMakeFiles/bluepad32.dir/parser/uni_hid_parser_stadia.c.o
[ 12%] Building C object libbluepad32/CMakeFiles/bluepad32.dir/parser/uni_hid_parser_steam.c.o
[ 12%] Building C object libbluepad32/CMakeFiles/bluepad32.dir/parser/uni_hid_parser_switch.c.o
[ 12%] Building C object libbluepad32/CMakeFiles/bluepad32.dir/parser/uni_hid_parser_wii.c.o
[ 13%] Building C object libbluepad32/CMakeFiles/bluepad32.dir/parser/uni_hid_parser_xboxone.c.o
[ 13%] Building C object libbluepad32/CMakeFiles/bluepad32.dir/platform/uni_platform.c.o
[ 13%] Building C object libbluepad32/CMakeFiles/bluepad32.dir/uni_circular_buffer.c.o
[ 13%] Building C object libbluepad32/CMakeFiles/bluepad32.dir/uni_hid_device.c.o
[ 13%] Building C object libbluepad32/CMakeFiles/bluepad32.dir/uni_init.c.o
[ 14%] Building C object libbluepad32/CMakeFiles/bluepad32.dir/uni_joystick.c.o
[ 14%] Building C object libbluepad32/CMakeFiles/bluepad32.dir/uni_log.c.o
[ 14%] Building C object libbluepad32/CMakeFiles/bluepad32.dir/uni_property.c.o
[ 14%] Building C object libbluepad32/CMakeFiles/bluepad32.dir/uni_utils.c.o
[ 15%] Building C object libbluepad32/CMakeFiles/bluepad32.dir/uni_version.c.o
[ 15%] Building C object libbluepad32/CMakeFiles/bluepad32.dir/uni_virtual_device.c.o
[ 15%] Building C object libbluepad32/CMakeFiles/bluepad32.dir/bt/uni_bt_bredr.c.o
[ 15%] Building C object libbluepad32/CMakeFiles/bluepad32.dir/bt/uni_bt_sdp.c.o
[ 15%] Building C object libbluepad32/CMakeFiles/bluepad32.dir/arch/uni_console_pico.c.o
[ 16%] Building C object libbluepad32/CMakeFiles/bluepad32.dir/arch/uni_system_pico.c.o
[ 16%] Building C object libbluepad32/CMakeFiles/bluepad32.dir/arch/uni_log_pico.c.o
[ 16%] Building C object libbluepad32/CMakeFiles/bluepad32.dir/arch/uni_property_pico.c.o
[ 16%] Building C object libbluepad32/CMakeFiles/bluepad32.dir/__/__/__/__/pico-sdk/src/rp2_common/pico_stdlib/stdlib.c.o
[ 16%] Building C object libbluepad32/CMakeFiles/bluepad32.dir/__/__/__/__/pico-sdk/src/rp2_common/hardware_gpio/gpio.c.o
[ 17%] Building C object libbluepad32/CMakeFiles/bluepad32.dir/__/__/__/__/pico-sdk/src/rp2350/pico_platform/platform.c.o
[ 17%] Building C object libbluepad32/CMakeFiles/bluepad32.dir/__/__/__/__/pico-sdk/src/rp2_common/pico_platform_common/common.c.o
[ 17%] Building C object libbluepad32/CMakeFiles/bluepad32.dir/__/__/__/__/pico-sdk/src/rp2_common/pico_platform_panic/panic.c.o
[ 17%] Building C object libbluepad32/CMakeFiles/bluepad32.dir/__/__/__/__/pico-sdk/src/common/hardware_claim/claim.c.o
[ 17%] Building C object libbluepad32/CMakeFiles/bluepad32.dir/__/__/__/__/pico-sdk/src/rp2_common/hardware_sync/sync.c.o
[ 18%] Building C object libbluepad32/CMakeFiles/bluepad32.dir/__/__/__/__/pico-sdk/src/rp2_common/hardware_sync_spin_lock/sync_spin_lock.c.o
[ 18%] Building C object libbluepad32/CMakeFiles/bluepad32.dir/__/__/__/__/pico-sdk/src/rp2_common/hardware_irq/irq.c.o
[ 18%] Building ASM object libbluepad32/CMakeFiles/bluepad32.dir/__/__/__/__/pico-sdk/src/rp2_common/hardware_irq/irq_handler_chain.S.o
[ 18%] Building C object libbluepad32/CMakeFiles/bluepad32.dir/__/__/__/__/pico-sdk/src/common/pico_sync/sem.c.o
[ 19%] Building C object libbluepad32/CMakeFiles/bluepad32.dir/__/__/__/__/pico-sdk/src/common/pico_sync/lock_core.c.o
[ 19%] Building C object libbluepad32/CMakeFiles/bluepad32.dir/__/__/__/__/pico-sdk/src/common/pico_sync/mutex.c.o
[ 19%] Building C object libbluepad32/CMakeFiles/bluepad32.dir/__/__/__/__/pico-sdk/src/common/pico_time/time.c.o
[ 19%] Building C object libbluepad32/CMakeFiles/bluepad32.dir/__/__/__/__/pico-sdk/src/common/pico_sync/critical_section.c.o
[ 19%] Building C object libbluepad32/CMakeFiles/bluepad32.dir/__/__/__/__/pico-sdk/src/common/pico_time/timeout_helper.c.o
[ 20%] Building C object libbluepad32/CMakeFiles/bluepad32.dir/__/__/__/__/pico-sdk/src/rp2_common/hardware_timer/timer.c.o
[ 20%] Building C object libbluepad32/CMakeFiles/bluepad32.dir/__/__/__/__/pico-sdk/src/common/pico_util/datetime.c.o
[ 20%] Building C object libbluepad32/CMakeFiles/bluepad32.dir/__/__/__/__/pico-sdk/src/common/pico_util/pheap.c.o
[ 20%] Building C object libbluepad32/CMakeFiles/bluepad32.dir/__/__/__/__/pico-sdk/src/common/pico_util/queue.c.o
[ 20%] Building C object libbluepad32/CMakeFiles/bluepad32.dir/__/__/__/__/pico-sdk/src/rp2_common/hardware_uart/uart.c.o
[ 21%] Building C object libbluepad32/CMakeFiles/bluepad32.dir/__/__/__/__/pico-sdk/src/rp2_common/hardware_clocks/clocks.c.o
[ 21%] Building C object libbluepad32/CMakeFiles/bluepad32.dir/__/__/__/__/pico-sdk/src/rp2_common/hardware_pll/pll.c.o
[ 21%] Building C object libbluepad32/CMakeFiles/bluepad32.dir/__/__/__/__/pico-sdk/src/rp2_common/hardware_vreg/vreg.c.o
[ 21%] Building C object libbluepad32/CMakeFiles/bluepad32.dir/__/__/__/__/pico-sdk/src/rp2_common/hardware_watchdog/watchdog.c.o
[ 21%] Building C object libbluepad32/CMakeFiles/bluepad32.dir/__/__/__/__/pico-sdk/src/rp2_common/hardware_ticks/ticks.c.o
[ 22%] Building C object libbluepad32/CMakeFiles/bluepad32.dir/__/__/__/__/pico-sdk/src/rp2_common/pico_bootrom/bootrom.c.o
[ 22%] Building C object libbluepad32/CMakeFiles/bluepad32.dir/__/__/__/__/pico-sdk/src/rp2_common/pico_bootrom/bootrom_lock.c.o
[ 22%] Building C object libbluepad32/CMakeFiles/bluepad32.dir/__/__/__/__/pico-sdk/src/rp2_common/hardware_boot_lock/boot_lock.c.o
[ 22%] Building C object libbluepad32/CMakeFiles/bluepad32.dir/__/__/__/__/pico-sdk/src/rp2_common/pico_flash/flash.c.o
[ 23%] Building C object libbluepad32/CMakeFiles/bluepad32.dir/__/__/__/__/pico-sdk/src/rp2_common/hardware_xosc/xosc.c.o
[ 23%] Building C object libbluepad32/CMakeFiles/bluepad32.dir/__/__/__/__/pico-sdk/src/rp2_common/hardware_divider/divider.c.o
[ 23%] Building C object libbluepad32/CMakeFiles/bluepad32.dir/__/__/__/__/pico-sdk/src/rp2_common/pico_runtime/runtime.c.o
[ 23%] Building C object libbluepad32/CMakeFiles/bluepad32.dir/__/__/__/__/pico-sdk/src/rp2_common/pico_runtime_init/runtime_init.c.o
[ 23%] Building C object libbluepad32/CMakeFiles/bluepad32.dir/__/__/__/__/pico-sdk/src/rp2_common/pico_runtime_init/runtime_init_clocks.c.o
[ 24%] Building C object libbluepad32/CMakeFiles/bluepad32.dir/__/__/__/__/pico-sdk/src/rp2_common/pico_runtime_init/runtime_init_stack_guard.c.o
[ 24%] Building ASM object libbluepad32/CMakeFiles/bluepad32.dir/__/__/__/__/pico-sdk/src/rp2_common/pico_bit_ops/bit_ops_aeabi.S.o
[ 24%] Building C object libbluepad32/CMakeFiles/bluepad32.dir/__/__/__/__/pico-sdk/src/rp2_common/pico_divider/divider_compiler.c.o
[ 24%] Building C object libbluepad32/CMakeFiles/bluepad32.dir/__/__/__/__/pico-sdk/src/rp2_common/pico_double/double_math.c.o
[ 24%] Building ASM object libbluepad32/CMakeFiles/bluepad32.dir/__/__/__/__/pico-sdk/src/rp2_common/pico_double/double_aeabi_dcp.S.o
[ 25%] Building ASM object libbluepad32/CMakeFiles/bluepad32.dir/__/__/__/__/pico-sdk/src/rp2_common/pico_double/double_fma_dcp.S.o
[ 25%] Building ASM object libbluepad32/CMakeFiles/bluepad32.dir/__/__/__/__/pico-sdk/src/rp2_common/pico_double/double_sci_m33.S.o
[ 25%] Building ASM object libbluepad32/CMakeFiles/bluepad32.dir/__/__/__/__/pico-sdk/src/rp2_common/pico_double/double_conv_m33.S.o
[ 25%] Building C object libbluepad32/CMakeFiles/bluepad32.dir/__/__/__/__/pico-sdk/src/rp2_common/pico_float/float_math.c.o
[ 25%] Building ASM object libbluepad32/CMakeFiles/bluepad32.dir/__/__/__/__/pico-sdk/src/rp2_common/pico_float/float_conv32_vfp.S.o
[ 26%] Building ASM object libbluepad32/CMakeFiles/bluepad32.dir/__/__/__/__/pico-sdk/src/rp2_common/pico_float/float_common_m33.S.o
[ 26%] Building ASM object libbluepad32/CMakeFiles/bluepad32.dir/__/__/__/__/pico-sdk/src/rp2_common/pico_float/float_sci_m33_vfp.S.o
[ 26%] Building C object libbluepad32/CMakeFiles/bluepad32.dir/__/__/__/__/pico-sdk/src/rp2_common/pico_malloc/malloc.c.o
[ 26%] Building C object libbluepad32/CMakeFiles/bluepad32.dir/__/__/__/__/pico-sdk/src/rp2_common/pico_atomic/atomic.c.o
[ 27%] Building CXX object libbluepad32/CMakeFiles/bluepad32.dir/__/__/__/__/pico-sdk/src/rp2_common/pico_cxx_options/new_delete.cpp.o
[ 27%] Building C object libbluepad32/CMakeFiles/bluepad32.dir/__/__/__/__/pico-sdk/src/rp2_common/pico_standard_binary_info/standard_binary_info.c.o
[ 27%] Building C object libbluepad32/CMakeFiles/bluepad32.dir/__/__/__/__/pico-sdk/src/rp2_common/pico_printf/printf.c.o
[ 27%] Building ASM object libbluepad32/CMakeFiles/bluepad32.dir/__/__/__/__/pico-sdk/src/rp2_common/pico_crt0/crt0.S.o
[ 27%] Building C object libbluepad32/CMakeFiles/bluepad32.dir/__/__/__/__/pico-sdk/src/rp2_common/pico_clib_interface/newlib_interface.c.o
[ 28%] Building C object libbluepad32/CMakeFiles/bluepad32.dir/__/__/__/__/pico-sdk/src/rp2_common/pico_stdio/stdio.c.o
[ 28%] Building C object libbluepad32/CMakeFiles/bluepad32.dir/__/__/__/__/pico-sdk/src/rp2_common/pico_stdio_uart/stdio_uart.c.o
[ 28%] Building C object libbluepad32/CMakeFiles/bluepad32.dir/__/__/__/__/pico-sdk/src/rp2_common/pico_cyw43_arch/cyw43_arch.c.o
[ 28%] Building C object libbluepad32/CMakeFiles/bluepad32.dir/__/__/__/__/pico-sdk/src/rp2_common/pico_cyw43_arch/cyw43_arch_poll.c.o
[ 29%] Building C object libbluepad32/CMakeFiles/bluepad32.dir/__/__/__/__/pico-sdk/src/rp2_common/pico_cyw43_arch/cyw43_arch_freertos.c.o
[ 29%] Building C object libbluepad32/CMakeFiles/bluepad32.dir/__/__/__/__/pico-sdk/src/rp2_common/pico_cyw43_arch/cyw43_arch_threadsafe_background.c.o
[ 29%] Building C object libbluepad32/CMakeFiles/bluepad32.dir/__/__/__/__/pico-sdk/src/rp2_common/pico_unique_id/unique_id.c.o
[ 29%] Building C object libbluepad32/CMakeFiles/bluepad32.dir/__/__/__/__/pico-sdk/src/rp2_common/hardware_flash/flash.c.o
[ 29%] Building C object libbluepad32/CMakeFiles/bluepad32.dir/__/__/__/__/pico-sdk/src/rp2_common/hardware_xip_cache/xip_cache.c.o
[ 29%] Building C object libbluepad32/CMakeFiles/bluepad32.dir/__/__/__/__/pico-sdk/src/rp2_common/pico_cyw43_driver/cyw43_bus_pio_spi.c.o
[ 30%] Building C object libbluepad32/CMakeFiles/bluepad32.dir/__/__/__/__/pico-sdk/lib/cyw43-driver/src/cyw43_ll.c.o
[ 30%] Building C object libbluepad32/CMakeFiles/bluepad32.dir/__/__/__/__/pico-sdk/lib/cyw43-driver/src/cyw43_stats.c.o
[ 30%] Building C object libbluepad32/CMakeFiles/bluepad32.dir/__/__/__/__/pico-sdk/lib/cyw43-driver/src/cyw43_lwip.c.o
[ 30%] Building C object libbluepad32/CMakeFiles/bluepad32.dir/__/__/__/__/pico-sdk/lib/cyw43-driver/src/cyw43_ctrl.c.o
[ 31%] Building C object libbluepad32/CMakeFiles/bluepad32.dir/__/__/__/__/pico-sdk/src/rp2_common/pico_cyw43_driver/cybt_shared_bus/cybt_shared_bus.c.o
[ 31%] Building C object libbluepad32/CMakeFiles/bluepad32.dir/__/__/__/__/pico-sdk/src/rp2_common/pico_cyw43_driver/cybt_shared_bus/cybt_shared_bus_driver.c.o
[ 31%] Building C object libbluepad32/CMakeFiles/bluepad32.dir/__/__/__/__/pico-sdk/src/rp2_common/hardware_pio/pio.c.o
[ 31%] Building C object libbluepad32/CMakeFiles/bluepad32.dir/__/__/__/__/pico-sdk/src/rp2_common/hardware_dma/dma.c.o
[ 31%] Building C object libbluepad32/CMakeFiles/bluepad32.dir/__/__/__/__/pico-sdk/src/rp2_common/hardware_exception/exception.c.o
[ 32%] Building C object libbluepad32/CMakeFiles/bluepad32.dir/__/__/__/__/pico-sdk/src/rp2_common/pico_cyw43_driver/cyw43_driver.c.o
[ 32%] Building C object libbluepad32/CMakeFiles/bluepad32.dir/__/__/__/__/pico-sdk/src/rp2_common/pico_async_context/async_context_threadsafe_background.c.o
[ 32%] Building C object libbluepad32/CMakeFiles/bluepad32.dir/__/__/__/__/pico-sdk/src/rp2_common/pico_async_context/async_context_base.c.o
[ 32%] Building C object libbluepad32/CMakeFiles/bluepad32.dir/__/__/__/__/pico-sdk/lib/btstack/src/ble/att_db.c.o
[ 32%] Building C object libbluepad32/CMakeFiles/bluepad32.dir/__/__/__/__/pico-sdk/lib/btstack/src/ble/att_db_util.c.o
[ 33%] Building C object libbluepad32/CMakeFiles/bluepad32.dir/__/__/__/__/pico-sdk/lib/btstack/src/ble/att_dispatch.c.o
[ 33%] Building C object libbluepad32/CMakeFiles/bluepad32.dir/__/__/__/__/pico-sdk/lib/btstack/src/ble/att_server.c.o
[ 33%] Building C object libbluepad32/CMakeFiles/bluepad32.dir/__/__/__/__/pico-sdk/lib/btstack/src/ble/gatt-service/battery_service_server.c.o
[ 33%] Building C object libbluepad32/CMakeFiles/bluepad32.dir/__/__/__/__/pico-sdk/lib/btstack/src/ble/gatt-service/battery_service_client.c.o
[ 33%] Building C object libbluepad32/CMakeFiles/bluepad32.dir/__/__/__/__/pico-sdk/lib/btstack/src/ble/gatt-service/cycling_power_service_server.c.o
[ 34%] Building C object libbluepad32/CMakeFiles/bluepad32.dir/__/__/__/__/pico-sdk/lib/btstack/src/ble/gatt-service/cycling_speed_and_cadence_service_server.c.o
[ 34%] Building C object libbluepad32/CMakeFiles/bluepad32.dir/__/__/__/__/pico-sdk/lib/btstack/src/ble/gatt-service/device_information_service_server.c.o
[ 34%] Building C object libbluepad32/CMakeFiles/bluepad32.dir/__/__/__/__/pico-sdk/lib/btstack/src/ble/gatt-service/device_information_service_client.c.o
[ 34%] Building C object libbluepad32/CMakeFiles/bluepad32.dir/__/__/__/__/pico-sdk/lib/btstack/src/ble/gatt-service/heart_rate_service_server.c.o
[ 35%] Building C object libbluepad32/CMakeFiles/bluepad32.dir/__/__/__/__/pico-sdk/lib/btstack/src/ble/gatt-service/hids_client.c.o
[ 35%] Building C object libbluepad32/CMakeFiles/bluepad32.dir/__/__/__/__/pico-sdk/lib/btstack/src/ble/gatt-service/hids_device.c.o
[ 35%] Building C object libbluepad32/CMakeFiles/bluepad32.dir/__/__/__/__/pico-sdk/lib/btstack/src/ble/gatt-service/nordic_spp_service_server.c.o
[ 35%] Building C object libbluepad32/CMakeFiles/bluepad32.dir/__/__/__/__/pico-sdk/lib/btstack/src/ble/gatt-service/ublox_spp_service_server.c.o
[ 35%] Building C object libbluepad32/CMakeFiles/bluepad32.dir/__/__/__/__/pico-sdk/lib/btstack/src/ble/gatt-service/ancs_client.c.o
[ 36%] Building C object libbluepad32/CMakeFiles/bluepad32.dir/__/__/__/__/pico-sdk/lib/btstack/src/ble/gatt_client.c.o
[ 36%] Building C object libbluepad32/CMakeFiles/bluepad32.dir/__/__/__/__/pico-sdk/lib/btstack/src/ble/le_device_db_memory.c.o
[ 36%] Building C object libbluepad32/CMakeFiles/bluepad32.dir/__/__/__/__/pico-sdk/lib/btstack/src/ble/le_device_db_tlv.c.o
[ 36%] Building C object libbluepad32/CMakeFiles/bluepad32.dir/__/__/__/__/pico-sdk/lib/btstack/src/ble/sm.c.o
[ 36%] Building C object libbluepad32/CMakeFiles/bluepad32.dir/__/__/__/__/pico-sdk/lib/btstack/src/hci_event_builder.c.o
[ 37%] Building C object libbluepad32/CMakeFiles/bluepad32.dir/__/__/__/__/pico-sdk/lib/btstack/3rd-party/micro-ecc/uECC.c.o
[ 37%] Building C object libbluepad32/CMakeFiles/bluepad32.dir/__/__/__/__/pico-sdk/lib/btstack/3rd-party/rijndael/rijndael.c.o
[ 37%] Building C object libbluepad32/CMakeFiles/bluepad32.dir/__/__/__/__/pico-sdk/lib/btstack/3rd-party/segger-rtt/SEGGER_RTT_printf.c.o
[ 37%] Building C object libbluepad32/CMakeFiles/bluepad32.dir/__/__/__/__/pico-sdk/lib/btstack/platform/embedded/btstack_tlv_flash_bank.c.o
[ 37%] Building C object libbluepad32/CMakeFiles/bluepad32.dir/__/__/__/__/pico-sdk/lib/btstack/platform/embedded/hci_dump_embedded_stdout.c.o
[ 38%] Building C object libbluepad32/CMakeFiles/bluepad32.dir/__/__/__/__/pico-sdk/lib/btstack/platform/embedded/hci_dump_segger_rtt_stdout.c.o
[ 38%] Building C object libbluepad32/CMakeFiles/bluepad32.dir/__/__/__/__/pico-sdk/lib/btstack/src/ad_parser.c.o
[ 38%] Building C object libbluepad32/CMakeFiles/bluepad32.dir/__/__/__/__/pico-sdk/lib/btstack/src/btstack_audio.c.o
[ 38%] Building C object libbluepad32/CMakeFiles/bluepad32.dir/__/__/__/__/pico-sdk/lib/btstack/src/btstack_base64_decoder.c.o
[ 38%] Building C object libbluepad32/CMakeFiles/bluepad32.dir/__/__/__/__/pico-sdk/lib/btstack/src/btstack_crypto.c.o
[ 39%] Building C object libbluepad32/CMakeFiles/bluepad32.dir/__/__/__/__/pico-sdk/lib/btstack/src/btstack_hid.c.o
[ 39%] Building C object libbluepad32/CMakeFiles/bluepad32.dir/__/__/__/__/pico-sdk/lib/btstack/src/btstack_hid_parser.c.o
[ 39%] Building C object libbluepad32/CMakeFiles/bluepad32.dir/__/__/__/__/pico-sdk/lib/btstack/src/btstack_linked_list.c.o
[ 39%] Building C object libbluepad32/CMakeFiles/bluepad32.dir/__/__/__/__/pico-sdk/lib/btstack/src/btstack_memory.c.o
[ 40%] Building C object libbluepad32/CMakeFiles/bluepad32.dir/__/__/__/__/pico-sdk/lib/btstack/src/btstack_memory_pool.c.o
[ 40%] Building C object libbluepad32/CMakeFiles/bluepad32.dir/__/__/__/__/pico-sdk/lib/btstack/src/btstack_resample.c.o
[ 40%] Building C object libbluepad32/CMakeFiles/bluepad32.dir/__/__/__/__/pico-sdk/lib/btstack/src/btstack_ring_buffer.c.o
[ 40%] Building C object libbluepad32/CMakeFiles/bluepad32.dir/__/__/__/__/pico-sdk/lib/btstack/src/btstack_run_loop.c.o
[ 40%] Building C object libbluepad32/CMakeFiles/bluepad32.dir/__/__/__/__/pico-sdk/lib/btstack/src/btstack_run_loop_base.c.o
[ 41%] Building C object libbluepad32/CMakeFiles/bluepad32.dir/__/__/__/__/pico-sdk/lib/btstack/src/btstack_slip.c.o
[ 41%] Building C object libbluepad32/CMakeFiles/bluepad32.dir/__/__/__/__/pico-sdk/lib/btstack/src/btstack_tlv.c.o
[ 41%] Building C object libbluepad32/CMakeFiles/bluepad32.dir/__/__/__/__/pico-sdk/lib/btstack/src/btstack_tlv_none.c.o
[ 41%] Building C object libbluepad32/CMakeFiles/bluepad32.dir/__/__/__/__/pico-sdk/lib/btstack/src/btstack_util.c.o
[ 41%] Building C object libbluepad32/CMakeFiles/bluepad32.dir/__/__/__/__/pico-sdk/lib/btstack/src/hci.c.o
[ 42%] Building C object libbluepad32/CMakeFiles/bluepad32.dir/__/__/__/__/pico-sdk/lib/btstack/src/hci_cmd.c.o
[ 42%] Building C object libbluepad32/CMakeFiles/bluepad32.dir/__/__/__/__/pico-sdk/lib/btstack/src/hci_dump.c.o
[ 42%] Building C object libbluepad32/CMakeFiles/bluepad32.dir/__/__/__/__/pico-sdk/lib/btstack/src/hci_event.c.o
[ 42%] Building C object libbluepad32/CMakeFiles/bluepad32.dir/__/__/__/__/pico-sdk/lib/btstack/src/l2cap.c.o
[ 42%] Building C object libbluepad32/CMakeFiles/bluepad32.dir/__/__/__/__/pico-sdk/lib/btstack/src/l2cap_signaling.c.o
[ 43%] Building C object libbluepad32/CMakeFiles/bluepad32.dir/__/__/__/__/pico-sdk/lib/btstack/3rd-party/md5/md5.c.o
[ 43%] Building C object libbluepad32/CMakeFiles/bluepad32.dir/__/__/__/__/pico-sdk/lib/btstack/3rd-party/yxml/yxml.c.o
[ 43%] Building C object libbluepad32/CMakeFiles/bluepad32.dir/__/__/__/__/pico-sdk/src/rp2_common/pico_btstack/btstack_stdin_pico.c.o
[ 43%] Building C object libbluepad32/CMakeFiles/bluepad32.dir/__/__/__/__/pico-sdk/lib/btstack/3rd-party/segger-rtt/SEGGER_RTT.c.o
[ 44%] Building C object libbluepad32/CMakeFiles/bluepad32.dir/__/__/__/__/pico-sdk/lib/btstack/src/classic/a2dp.c.o
[ 44%] Building C object libbluepad32/CMakeFiles/bluepad32.dir/__/__/__/__/pico-sdk/lib/btstack/src/classic/a2dp_sink.c.o
[ 44%] Building C object libbluepad32/CMakeFiles/bluepad32.dir/__/__/__/__/pico-sdk/lib/btstack/src/classic/a2dp_source.c.o
[ 44%] Building C object libbluepad32/CMakeFiles/bluepad32.dir/__/__/__/__/pico-sdk/lib/btstack/src/classic/avdtp.c.o
[ 44%] Building C object libbluepad32/CMakeFiles/bluepad32.dir/__/__/__/__/pico-sdk/lib/btstack/src/classic/avdtp_acceptor.c.o
[ 45%] Building C object libbluepad32/CMakeFiles/bluepad32.dir/__/__/__/__/pico-sdk/lib/btstack/src/classic/avdtp_initiator.c.o
[ 45%] Building C object libbluepad32/CMakeFiles/bluepad32.dir/__/__/__/__/pico-sdk/lib/btstack/src/classic/avdtp_sink.c.o
[ 45%] Building C object libbluepad32/CMakeFiles/bluepad32.dir/__/__/__/__/pico-sdk/lib/btstack/src/classic/avdtp_source.c.o
[ 45%] Building C object libbluepad32/CMakeFiles/bluepad32.dir/__/__/__/__/pico-sdk/lib/btstack/src/classic/avdtp_util.c.o
[ 45%] Building C object libbluepad32/CMakeFiles/bluepad32.dir/__/__/__/__/pico-sdk/lib/btstack/src/classic/avrcp.c.o
[ 46%] Building C object libbluepad32/CMakeFiles/bluepad32.dir/__/__/__/__/pico-sdk/lib/btstack/src/classic/avrcp_browsing.c.o
[ 46%] Building C object libbluepad32/CMakeFiles/bluepad32.dir/__/__/__/__/pico-sdk/lib/btstack/src/classic/avrcp_browsing_controller.c.o
[ 46%] Building C object libbluepad32/CMakeFiles/bluepad32.dir/__/__/__/__/pico-sdk/lib/btstack/src/classic/avrcp_browsing_target.c.o
[ 46%] Building C object libbluepad32/CMakeFiles/bluepad32.dir/__/__/__/__/pico-sdk/lib/btstack/src/classic/avrcp_controller.c.o
[ 46%] Building C object libbluepad32/CMakeFiles/bluepad32.dir/__/__/__/__/pico-sdk/lib/btstack/src/classic/avrcp_cover_art_client.c.o
[ 47%] Building C object libbluepad32/CMakeFiles/bluepad32.dir/__/__/__/__/pico-sdk/lib/btstack/src/classic/avrcp_media_item_iterator.c.o
[ 47%] Building C object libbluepad32/CMakeFiles/bluepad32.dir/__/__/__/__/pico-sdk/lib/btstack/src/classic/avrcp_target.c.o
[ 47%] Building C object libbluepad32/CMakeFiles/bluepad32.dir/__/__/__/__/pico-sdk/lib/btstack/src/classic/btstack_cvsd_plc.c.o
[ 47%] Building C object libbluepad32/CMakeFiles/bluepad32.dir/__/__/__/__/pico-sdk/lib/btstack/src/classic/btstack_link_key_db_tlv.c.o
[ 48%] Building C object libbluepad32/CMakeFiles/bluepad32.dir/__/__/__/__/pico-sdk/lib/btstack/src/classic/btstack_link_key_db_memory.c.o
[ 48%] Building C object libbluepad32/CMakeFiles/bluepad32.dir/__/__/__/__/pico-sdk/lib/btstack/src/classic/btstack_sbc_plc.c.o
[ 48%] Building C object libbluepad32/CMakeFiles/bluepad32.dir/__/__/__/__/pico-sdk/lib/btstack/src/classic/device_id_server.c.o
[ 48%] Building C object libbluepad32/CMakeFiles/bluepad32.dir/__/__/__/__/pico-sdk/lib/btstack/src/classic/gatt_sdp.c.o
[ 48%] Building C object libbluepad32/CMakeFiles/bluepad32.dir/__/__/__/__/pico-sdk/lib/btstack/src/classic/goep_client.c.o
[ 49%] Building C object libbluepad32/CMakeFiles/bluepad32.dir/__/__/__/__/pico-sdk/lib/btstack/src/classic/goep_server.c.o
[ 49%] Building C object libbluepad32/CMakeFiles/bluepad32.dir/__/__/__/__/pico-sdk/lib/btstack/src/classic/hfp.c.o
[ 49%] Building C object libbluepad32/CMakeFiles/bluepad32.dir/__/__/__/__/pico-sdk/lib/btstack/src/classic/hfp_ag.c.o
[ 49%] Building C object libbluepad32/CMakeFiles/bluepad32.dir/__/__/__/__/pico-sdk/lib/btstack/src/classic/hfp_gsm_model.c.o
[ 49%] Building C object libbluepad32/CMakeFiles/bluepad32.dir/__/__/__/__/pico-sdk/lib/btstack/src/classic/hfp_hf.c.o
[ 50%] Building C object libbluepad32/CMakeFiles/bluepad32.dir/__/__/__/__/pico-sdk/lib/btstack/src/classic/hfp_msbc.c.o
[ 50%] Building C object libbluepad32/CMakeFiles/bluepad32.dir/__/__/__/__/pico-sdk/lib/btstack/src/classic/hid_device.c.o
[ 50%] Building C object libbluepad32/CMakeFiles/bluepad32.dir/__/__/__/__/pico-sdk/lib/btstack/src/classic/hid_host.c.o
[ 50%] Building C object libbluepad32/CMakeFiles/bluepad32.dir/__/__/__/__/pico-sdk/lib/btstack/src/classic/hsp_ag.c.o
[ 50%] Building C object libbluepad32/CMakeFiles/bluepad32.dir/__/__/__/__/pico-sdk/lib/btstack/src/classic/hsp_hs.c.o
[ 51%] Building C object libbluepad32/CMakeFiles/bluepad32.dir/__/__/__/__/pico-sdk/lib/btstack/src/classic/obex_iterator.c.o
[ 51%] Building C object libbluepad32/CMakeFiles/bluepad32.dir/__/__/__/__/pico-sdk/lib/btstack/src/classic/obex_message_builder.c.o
[ 51%] Building C object libbluepad32/CMakeFiles/bluepad32.dir/__/__/__/__/pico-sdk/lib/btstack/src/classic/obex_parser.c.o
[ 51%] Building C object libbluepad32/CMakeFiles/bluepad32.dir/__/__/__/__/pico-sdk/lib/btstack/src/classic/pan.c.o
[ 52%] Building C object libbluepad32/CMakeFiles/bluepad32.dir/__/__/__/__/pico-sdk/lib/btstack/src/classic/pbap_client.c.o
[ 52%] Building C object libbluepad32/CMakeFiles/bluepad32.dir/__/__/__/__/pico-sdk/lib/btstack/src/classic/rfcomm.c.o
[ 52%] Building C object libbluepad32/CMakeFiles/bluepad32.dir/__/__/__/__/pico-sdk/lib/btstack/src/classic/sdp_client.c.o
[ 52%] Building C object libbluepad32/CMakeFiles/bluepad32.dir/__/__/__/__/pico-sdk/lib/btstack/src/classic/sdp_client_rfcomm.c.o
[ 52%] Building C object libbluepad32/CMakeFiles/bluepad32.dir/__/__/__/__/pico-sdk/lib/btstack/src/classic/sdp_server.c.o
[ 53%] Building C object libbluepad32/CMakeFiles/bluepad32.dir/__/__/__/__/pico-sdk/lib/btstack/src/classic/sdp_util.c.o
[ 53%] Building C object libbluepad32/CMakeFiles/bluepad32.dir/__/__/__/__/pico-sdk/lib/btstack/src/classic/spp_server.c.o
[ 53%] Building C object libbluepad32/CMakeFiles/bluepad32.dir/__/__/__/__/pico-sdk/lib/btstack/src/classic/obex_srm_client.c.o
[ 53%] Building C object libbluepad32/CMakeFiles/bluepad32.dir/__/__/__/__/pico-sdk/src/rp2_common/pico_cyw43_driver/btstack_cyw43.c.o
[ 53%] Building C object libbluepad32/CMakeFiles/bluepad32.dir/__/__/__/__/pico-sdk/src/rp2_common/pico_btstack/btstack_flash_bank.c.o
[ 54%] Building C object libbluepad32/CMakeFiles/bluepad32.dir/__/__/__/__/pico-sdk/src/rp2_common/pico_btstack/btstack_run_loop_async_context.c.o
[ 54%] Building C object libbluepad32/CMakeFiles/bluepad32.dir/__/__/__/__/pico-sdk/src/rp2_common/pico_cyw43_driver/btstack_hci_transport_cyw43.c.o
[ 54%] Building C object libbluepad32/CMakeFiles/bluepad32.dir/__/__/__/__/pico-sdk/src/rp2_common/pico_cyw43_driver/btstack_chipset_cyw43.c.o
[ 54%] Linking CXX static library libbluepad32.a
[ 54%] Built target bluepad32
[ 54%] Building CXX object CMakeFiles/atari_ikbd.dir/src/st_key_lookup_hid_gb.cpp.o
[ 54%] Building CXX object CMakeFiles/atari_ikbd.dir/src/main.cpp.o
[ 54%] Building CXX object CMakeFiles/atari_ikbd.dir/src/HD6301V1ST.cpp.o
[ 54%] Building CXX object CMakeFiles/atari_ikbd.dir/src/AtariSTMouse.cpp.o
[ 55%] Building CXX object CMakeFiles/atari_ikbd.dir/src/SerialPort.cpp.o
[ 55%] Building CXX object CMakeFiles/atari_ikbd.dir/src/HidInput.cpp.o
[ 55%] Building CXX object CMakeFiles/atari_ikbd.dir/src/UserInterface.cpp.o
[ 55%] Building CXX object CMakeFiles/atari_ikbd.dir/src/util.cpp.o
[ 55%] Building CXX object CMakeFiles/atari_ikbd.dir/src/UserInterface_EN.cpp.o
[ 56%] Building CXX object CMakeFiles/atari_ikbd.dir/src/NVSettings.cpp.o
[ 56%] Building C object CMakeFiles/atari_ikbd.dir/src/hid_app_host.c.o
[ 56%] Building C object CMakeFiles/atari_ikbd.dir/src/xinput_host.c.o
[ 56%] Building CXX object CMakeFiles/atari_ikbd.dir/src/xinput_atari.cpp.o
[ 56%] Building C object CMakeFiles/atari_ikbd.dir/src/ps4_controller.c.o
[ 57%] Building C object CMakeFiles/atari_ikbd.dir/src/ps3_controller.c.o
[ 57%] Building C object CMakeFiles/atari_ikbd.dir/src/gamecube_adapter.c.o
[ 57%] Building C object CMakeFiles/atari_ikbd.dir/src/switch_controller.c.o
[ 57%] Building C object CMakeFiles/atari_ikbd.dir/src/stadia_controller.c.o
[ 57%] Building C object CMakeFiles/atari_ikbd.dir/ssd1306/ssd1306.c.o
[ 58%] Building C object CMakeFiles/atari_ikbd.dir/6301/6301.c.o
[ 58%] Building C object CMakeFiles/atari_ikbd.dir/hidparser/HIDParser.c.o
[ 58%] Building C object CMakeFiles/atari_ikbd.dir/src/bluepad32_platform.c.o
In file included from /Users/rich/Documents/Code/Pico/Atari-Keyboard/ultramegausb-atari-st-rpikbd/6301/6301.c:98:
/Users/rich/Documents/Code/Pico/Atari-Keyboard/ultramegausb-atari-st-rpikbd/6301/instr.c: In function 'instr_exec':
/Users/rich/Documents/Code/Pico/Atari-Keyboard/ultramegausb-atari-st-rpikbd/6301/instr.c:104:10: warning: 'return' with a value, in function returning void
  104 |   return 0;
      |          ^
In file included from /Users/rich/Documents/Code/Pico/Atari-Keyboard/ultramegausb-atari-st-rpikbd/pico-sdk/src/rp2350/pico_platform/include/pico/platform.h:24,
                 from /Users/rich/Documents/Code/Pico/Atari-Keyboard/ultramegausb-atari-st-rpikbd/pico-sdk/src/common/pico_base_headers/include/pico.h:64,
                 from /Users/rich/Documents/Code/Pico/Atari-Keyboard/ultramegausb-atari-st-rpikbd/6301/instr.c:17,
                 from /Users/rich/Documents/Code/Pico/Atari-Keyboard/ultramegausb-atari-st-rpikbd/6301/6301.c:98:
/Users/rich/Documents/Code/Pico/Atari-Keyboard/ultramegausb-atari-st-rpikbd/6301/instr.c:37:26: note: declared here
   37 | void __not_in_flash_func(instr_exec)() {
      |                          ^~~~~~~~~~
[ 58%] Building CXX object CMakeFiles/atari_ikbd.dir/src/bluepad32_atari.cpp.o
[ 59%] Building C object CMakeFiles/atari_ikbd.dir/src/bluepad32_init.c.o
In file included from /Users/rich/Documents/Code/Pico/Atari-Keyboard/ultramegausb-atari-st-rpikbd/6301/6301.c:99:
/Users/rich/Documents/Code/Pico/Atari-Keyboard/ultramegausb-atari-st-rpikbd/6301/ireg.c: At top level:
/Users/rich/Documents/Code/Pico/Atari-Keyboard/ultramegausb-atari-st-rpikbd/6301/ireg.c:322:27: warning: initialization of 'void (*)(unsigned int,  unsigned char)' from incompatible pointer type 'int (*)(unsigned int,  unsigned char)' [-Wincompatible-pointer-types]
  322 |   0,          0,          port_putb,   port_putb,
      |                           ^~~~~~~~~
/Users/rich/Documents/Code/Pico/Atari-Keyboard/ultramegausb-atari-st-rpikbd/6301/ireg.c:322:27: note: (near initialization for 'ireg_putb_func[2]')
/Users/rich/Documents/Code/Pico/Atari-Keyboard/ultramegausb-atari-st-rpikbd/6301/ireg.c:322:40: warning: initialization of 'void (*)(unsigned int,  unsigned char)' from incompatible pointer type 'int (*)(unsigned int,  unsigned char)' [-Wincompatible-pointer-types]
  322 |   0,          0,          port_putb,   port_putb,
      |                                        ^~~~~~~~~
/Users/rich/Documents/Code/Pico/Atari-Keyboard/ultramegausb-atari-st-rpikbd/6301/ireg.c:322:40: note: (near initialization for 'ireg_putb_func[3]')
/Users/rich/Documents/Code/Pico/Atari-Keyboard/ultramegausb-atari-st-rpikbd/6301/ireg.c:323:27: warning: initialization of 'void (*)(unsigned int,  unsigned char)' from incompatible pointer type 'int (*)(unsigned int,  unsigned char)' [-Wincompatible-pointer-types]
  323 |   0,          0,          port_putb,   port_putb,
      |                           ^~~~~~~~~
/Users/rich/Documents/Code/Pico/Atari-Keyboard/ultramegausb-atari-st-rpikbd/6301/ireg.c:323:27: note: (near initialization for 'ireg_putb_func[6]')
/Users/rich/Documents/Code/Pico/Atari-Keyboard/ultramegausb-atari-st-rpikbd/6301/ireg.c:323:40: warning: initialization of 'void (*)(unsigned int,  unsigned char)' from incompatible pointer type 'int (*)(unsigned int,  unsigned char)' [-Wincompatible-pointer-types]
  323 |   0,          0,          port_putb,   port_putb,
      |                                        ^~~~~~~~~
/Users/rich/Documents/Code/Pico/Atari-Keyboard/ultramegausb-atari-st-rpikbd/6301/ireg.c:323:40: note: (near initialization for 'ireg_putb_func[7]')
/Users/rich/Documents/Code/Pico/Atari-Keyboard/ultramegausb-atari-st-rpikbd/6301/ireg.c:324:3: warning: initialization of 'void (*)(unsigned int,  unsigned char)' from incompatible pointer type 'int (*)(unsigned int,  unsigned char)' [-Wincompatible-pointer-types]
  324 |   tcsr_putb,  0,          0,           ocr_putb,
      |   ^~~~~~~~~
/Users/rich/Documents/Code/Pico/Atari-Keyboard/ultramegausb-atari-st-rpikbd/6301/ireg.c:324:3: note: (near initialization for 'ireg_putb_func[8]')
/Users/rich/Documents/Code/Pico/Atari-Keyboard/ultramegausb-atari-st-rpikbd/6301/ireg.c:324:40: warning: initialization of 'void (*)(unsigned int,  unsigned char)' from incompatible pointer type 'int (*)(unsigned int,  unsigned char)' [-Wincompatible-pointer-types]
  324 |   tcsr_putb,  0,          0,           ocr_putb,
      |                                        ^~~~~~~~
/Users/rich/Documents/Code/Pico/Atari-Keyboard/ultramegausb-atari-st-rpikbd/6301/ireg.c:324:40: note: (near initialization for 'ireg_putb_func[11]')
/Users/rich/Documents/Code/Pico/Atari-Keyboard/ultramegausb-atari-st-rpikbd/6301/ireg.c:325:3: warning: initialization of 'void (*)(unsigned int,  unsigned char)' from incompatible pointer type 'int (*)(unsigned int,  unsigned char)' [-Wincompatible-pointer-types]
  325 |   ocr_putb,   0,          0,           0,
      |   ^~~~~~~~
/Users/rich/Documents/Code/Pico/Atari-Keyboard/ultramegausb-atari-st-rpikbd/6301/ireg.c:325:3: note: (near initialization for 'ireg_putb_func[12]')
[ 59%] Building C object CMakeFiles/atari_ikbd.dir/src/runtime_toggle.c.o
[ 59%] Building C object CMakeFiles/atari_ikbd.dir/pico-sdk/src/rp2_common/pico_stdlib/stdlib.c.o
[ 59%] Building C object CMakeFiles/atari_ikbd.dir/pico-sdk/src/rp2_common/hardware_gpio/gpio.c.o
[ 59%] Building C object CMakeFiles/atari_ikbd.dir/pico-sdk/src/rp2350/pico_platform/platform.c.o
[ 60%] Building C object CMakeFiles/atari_ikbd.dir/pico-sdk/src/rp2_common/pico_platform_common/common.c.o
[ 60%] Building C object CMakeFiles/atari_ikbd.dir/pico-sdk/src/rp2_common/pico_platform_panic/panic.c.o
/Users/rich/Documents/Code/Pico/Atari-Keyboard/ultramegausb-atari-st-rpikbd/src/bluepad32_init.c: In function 'bluepad32_init':
/Users/rich/Documents/Code/Pico/Atari-Keyboard/ultramegausb-atari-st-rpikbd/src/bluepad32_init.c:73:29: warning: implicit declaration of function 'get_my_platform' [-Wimplicit-function-declaration]
   73 |     uni_platform_set_custom(get_my_platform());
      |                             ^~~~~~~~~~~~~~~
/Users/rich/Documents/Code/Pico/Atari-Keyboard/ultramegausb-atari-st-rpikbd/src/bluepad32_init.c:73:29: warning: passing argument 1 of 'uni_platform_set_custom' makes pointer from integer without a cast [-Wint-conversion]
   73 |     uni_platform_set_custom(get_my_platform());
      |                             ^~~~~~~~~~~~~~~~~
      |                             |
      |                             int
In file included from /Users/rich/Documents/Code/Pico/Atari-Keyboard/ultramegausb-atari-st-rpikbd/bluepad32/src/components/bluepad32/include/uni.h:38,
                 from /Users/rich/Documents/Code/Pico/Atari-Keyboard/ultramegausb-atari-st-rpikbd/src/bluepad32_init.c:15:
/Users/rich/Documents/Code/Pico/Atari-Keyboard/ultramegausb-atari-st-rpikbd/bluepad32/src/components/bluepad32/include/platform/uni_platform.h:85:51: note: expected 'struct uni_platform *' but argument is of type 'int'
   85 | void uni_platform_set_custom(struct uni_platform* platform);
      |                              ~~~~~~~~~~~~~~~~~~~~~^~~~~~~~
[ 60%] Building C object CMakeFiles/atari_ikbd.dir/pico-sdk/src/common/hardware_claim/claim.c.o
[ 60%] Building C object CMakeFiles/atari_ikbd.dir/pico-sdk/src/rp2_common/hardware_sync/sync.c.o
[ 60%] Building C object CMakeFiles/atari_ikbd.dir/pico-sdk/src/rp2_common/hardware_sync_spin_lock/sync_spin_lock.c.o
[ 61%] Building C object CMakeFiles/atari_ikbd.dir/pico-sdk/src/rp2_common/hardware_irq/irq.c.o
[ 61%] Building ASM object CMakeFiles/atari_ikbd.dir/pico-sdk/src/rp2_common/hardware_irq/irq_handler_chain.S.o
[ 61%] Building C object CMakeFiles/atari_ikbd.dir/pico-sdk/src/common/pico_sync/sem.c.o
[ 61%] Building C object CMakeFiles/atari_ikbd.dir/pico-sdk/src/common/pico_sync/lock_core.c.o
[ 61%] Building C object CMakeFiles/atari_ikbd.dir/pico-sdk/src/common/pico_sync/mutex.c.o
[ 62%] Building C object CMakeFiles/atari_ikbd.dir/pico-sdk/src/common/pico_sync/critical_section.c.o
[ 62%] Building C object CMakeFiles/atari_ikbd.dir/pico-sdk/src/common/pico_time/time.c.o
[ 62%] Building C object CMakeFiles/atari_ikbd.dir/pico-sdk/src/common/pico_time/timeout_helper.c.o
[ 62%] Building C object CMakeFiles/atari_ikbd.dir/pico-sdk/src/rp2_common/hardware_timer/timer.c.o
[ 63%] Building C object CMakeFiles/atari_ikbd.dir/pico-sdk/src/common/pico_util/datetime.c.o
[ 63%] Building C object CMakeFiles/atari_ikbd.dir/pico-sdk/src/common/pico_util/pheap.c.o
[ 63%] Building C object CMakeFiles/atari_ikbd.dir/pico-sdk/src/common/pico_util/queue.c.o
[ 63%] Building C object CMakeFiles/atari_ikbd.dir/pico-sdk/src/rp2_common/hardware_uart/uart.c.o
[ 63%] Building C object CMakeFiles/atari_ikbd.dir/pico-sdk/src/rp2_common/hardware_clocks/clocks.c.o
[ 64%] Building C object CMakeFiles/atari_ikbd.dir/pico-sdk/src/rp2_common/hardware_pll/pll.c.o
[ 64%] Building C object CMakeFiles/atari_ikbd.dir/pico-sdk/src/rp2_common/hardware_vreg/vreg.c.o
[ 64%] Building C object CMakeFiles/atari_ikbd.dir/pico-sdk/src/rp2_common/hardware_watchdog/watchdog.c.o
[ 64%] Building C object CMakeFiles/atari_ikbd.dir/pico-sdk/src/rp2_common/hardware_ticks/ticks.c.o
[ 64%] Building C object CMakeFiles/atari_ikbd.dir/pico-sdk/src/rp2_common/pico_bootrom/bootrom.c.o
[ 65%] Building C object CMakeFiles/atari_ikbd.dir/pico-sdk/src/rp2_common/pico_bootrom/bootrom_lock.c.o
[ 65%] Building C object CMakeFiles/atari_ikbd.dir/pico-sdk/src/rp2_common/hardware_boot_lock/boot_lock.c.o
[ 65%] Building C object CMakeFiles/atari_ikbd.dir/pico-sdk/src/rp2_common/pico_flash/flash.c.o
[ 65%] Building C object CMakeFiles/atari_ikbd.dir/pico-sdk/src/rp2_common/hardware_xosc/xosc.c.o
[ 65%] Building C object CMakeFiles/atari_ikbd.dir/pico-sdk/src/rp2_common/hardware_divider/divider.c.o
[ 66%] Building C object CMakeFiles/atari_ikbd.dir/pico-sdk/src/rp2_common/pico_runtime/runtime.c.o
[ 66%] Building C object CMakeFiles/atari_ikbd.dir/pico-sdk/src/rp2_common/pico_runtime_init/runtime_init.c.o
[ 66%] Building C object CMakeFiles/atari_ikbd.dir/pico-sdk/src/rp2_common/pico_runtime_init/runtime_init_clocks.c.o
[ 66%] Building C object CMakeFiles/atari_ikbd.dir/pico-sdk/src/rp2_common/pico_runtime_init/runtime_init_stack_guard.c.o
[ 67%] Building ASM object CMakeFiles/atari_ikbd.dir/pico-sdk/src/rp2_common/pico_bit_ops/bit_ops_aeabi.S.o
[ 67%] Building C object CMakeFiles/atari_ikbd.dir/pico-sdk/src/rp2_common/pico_divider/divider_compiler.c.o
[ 67%] Building C object CMakeFiles/atari_ikbd.dir/pico-sdk/src/rp2_common/pico_double/double_math.c.o
[ 67%] Building ASM object CMakeFiles/atari_ikbd.dir/pico-sdk/src/rp2_common/pico_double/double_aeabi_dcp.S.o
[ 67%] Building ASM object CMakeFiles/atari_ikbd.dir/pico-sdk/src/rp2_common/pico_double/double_fma_dcp.S.o
[ 68%] Building ASM object CMakeFiles/atari_ikbd.dir/pico-sdk/src/rp2_common/pico_double/double_sci_m33.S.o
[ 68%] Building C object CMakeFiles/atari_ikbd.dir/pico-sdk/src/rp2_common/pico_float/float_math.c.o
[ 68%] Building ASM object CMakeFiles/atari_ikbd.dir/pico-sdk/src/rp2_common/pico_double/double_conv_m33.S.o
[ 68%] Building ASM object CMakeFiles/atari_ikbd.dir/pico-sdk/src/rp2_common/pico_float/float_conv32_vfp.S.o
[ 68%] Building ASM object CMakeFiles/atari_ikbd.dir/pico-sdk/src/rp2_common/pico_float/float_common_m33.S.o
[ 69%] Building ASM object CMakeFiles/atari_ikbd.dir/pico-sdk/src/rp2_common/pico_float/float_sci_m33_vfp.S.o
[ 69%] Building C object CMakeFiles/atari_ikbd.dir/pico-sdk/src/rp2_common/pico_malloc/malloc.c.o
[ 69%] Building C object CMakeFiles/atari_ikbd.dir/pico-sdk/src/rp2_common/pico_atomic/atomic.c.o
[ 69%] Building CXX object CMakeFiles/atari_ikbd.dir/pico-sdk/src/rp2_common/pico_cxx_options/new_delete.cpp.o
[ 69%] Building C object CMakeFiles/atari_ikbd.dir/pico-sdk/src/rp2_common/pico_standard_binary_info/standard_binary_info.c.o
[ 70%] Building C object CMakeFiles/atari_ikbd.dir/pico-sdk/src/rp2_common/pico_printf/printf.c.o
[ 70%] Building ASM object CMakeFiles/atari_ikbd.dir/pico-sdk/src/rp2_common/pico_crt0/crt0.S.o
[ 70%] Building C object CMakeFiles/atari_ikbd.dir/pico-sdk/src/rp2_common/pico_clib_interface/newlib_interface.c.o
[ 70%] Building C object CMakeFiles/atari_ikbd.dir/pico-sdk/src/rp2_common/pico_stdio/stdio.c.o
[ 71%] Building C object CMakeFiles/atari_ikbd.dir/pico-sdk/src/rp2_common/pico_stdio_uart/stdio_uart.c.o
[ 71%] Building C object CMakeFiles/atari_ikbd.dir/pico-sdk/src/rp2_common/pico_multicore/multicore.c.o
[ 71%] Building C object CMakeFiles/atari_ikbd.dir/pico-sdk/src/rp2_common/hardware_i2c/i2c.c.o
[ 71%] Building C object CMakeFiles/atari_ikbd.dir/pico-sdk/src/rp2_common/hardware_flash/flash.c.o
[ 71%] Building C object CMakeFiles/atari_ikbd.dir/pico-sdk/src/rp2_common/hardware_xip_cache/xip_cache.c.o
[ 72%] Building C object CMakeFiles/atari_ikbd.dir/pico-sdk/lib/tinyusb/src/portable/raspberrypi/rp2040/hcd_rp2040.c.o
[ 72%] Building C object CMakeFiles/atari_ikbd.dir/pico-sdk/lib/tinyusb/src/host/usbh.c.o
[ 72%] Building C object CMakeFiles/atari_ikbd.dir/pico-sdk/lib/tinyusb/src/portable/raspberrypi/rp2040/rp2040_usb.c.o
[ 72%] Building C object CMakeFiles/atari_ikbd.dir/pico-sdk/lib/tinyusb/src/host/hub.c.o
[ 72%] Building C object CMakeFiles/atari_ikbd.dir/pico-sdk/lib/tinyusb/src/class/cdc/cdc_host.c.o
[ 73%] Building C object CMakeFiles/atari_ikbd.dir/pico-sdk/lib/tinyusb/src/class/hid/hid_host.c.o
[ 73%] Building C object CMakeFiles/atari_ikbd.dir/pico-sdk/lib/tinyusb/src/class/msc/msc_host.c.o
[ 73%] Building C object CMakeFiles/atari_ikbd.dir/pico-sdk/lib/tinyusb/src/class/vendor/vendor_host.c.o
[ 73%] Building C object CMakeFiles/atari_ikbd.dir/pico-sdk/lib/tinyusb/src/tusb.c.o
[ 73%] Building C object CMakeFiles/atari_ikbd.dir/pico-sdk/lib/tinyusb/src/common/tusb_fifo.c.o
[ 74%] Building C object CMakeFiles/atari_ikbd.dir/pico-sdk/src/rp2_common/pico_cyw43_arch/cyw43_arch.c.o
[ 74%] Building C object CMakeFiles/atari_ikbd.dir/pico-sdk/src/rp2_common/pico_cyw43_arch/cyw43_arch_poll.c.o
[ 74%] Building C object CMakeFiles/atari_ikbd.dir/pico-sdk/src/rp2_common/pico_cyw43_arch/cyw43_arch_threadsafe_background.c.o
[ 74%] Building C object CMakeFiles/atari_ikbd.dir/pico-sdk/src/rp2_common/pico_cyw43_arch/cyw43_arch_freertos.c.o
[ 75%] Building C object CMakeFiles/atari_ikbd.dir/pico-sdk/src/rp2_common/pico_unique_id/unique_id.c.o
[ 75%] Building C object CMakeFiles/atari_ikbd.dir/pico-sdk/src/rp2_common/pico_cyw43_driver/cyw43_bus_pio_spi.c.o
[ 75%] Building C object CMakeFiles/atari_ikbd.dir/pico-sdk/lib/cyw43-driver/src/cyw43_stats.c.o
[ 75%] Building C object CMakeFiles/atari_ikbd.dir/pico-sdk/lib/cyw43-driver/src/cyw43_ll.c.o
[ 75%] Building C object CMakeFiles/atari_ikbd.dir/pico-sdk/lib/cyw43-driver/src/cyw43_lwip.c.o
[ 76%] Building C object CMakeFiles/atari_ikbd.dir/pico-sdk/lib/cyw43-driver/src/cyw43_ctrl.c.o
[ 76%] Building C object CMakeFiles/atari_ikbd.dir/pico-sdk/src/rp2_common/pico_cyw43_driver/cybt_shared_bus/cybt_shared_bus.c.o
[ 76%] Building C object CMakeFiles/atari_ikbd.dir/pico-sdk/src/rp2_common/pico_cyw43_driver/cybt_shared_bus/cybt_shared_bus_driver.c.o
[ 76%] Building C object CMakeFiles/atari_ikbd.dir/pico-sdk/src/rp2_common/hardware_pio/pio.c.o
[ 76%] Building C object CMakeFiles/atari_ikbd.dir/pico-sdk/src/rp2_common/hardware_dma/dma.c.o
[ 77%] Building C object CMakeFiles/atari_ikbd.dir/pico-sdk/src/rp2_common/hardware_exception/exception.c.o
[ 77%] Building C object CMakeFiles/atari_ikbd.dir/pico-sdk/src/rp2_common/pico_cyw43_driver/cyw43_driver.c.o
[ 77%] Building C object CMakeFiles/atari_ikbd.dir/pico-sdk/src/rp2_common/pico_async_context/async_context_threadsafe_background.c.o
[ 77%] Building C object CMakeFiles/atari_ikbd.dir/pico-sdk/src/rp2_common/pico_async_context/async_context_base.c.o
[ 77%] Building C object CMakeFiles/atari_ikbd.dir/pico-sdk/lib/btstack/src/classic/a2dp.c.o
[ 78%] Building C object CMakeFiles/atari_ikbd.dir/pico-sdk/lib/btstack/src/classic/a2dp_sink.c.o
[ 78%] Building C object CMakeFiles/atari_ikbd.dir/pico-sdk/lib/btstack/src/classic/a2dp_source.c.o
[ 78%] Building C object CMakeFiles/atari_ikbd.dir/pico-sdk/lib/btstack/src/classic/avdtp.c.o
[ 78%] Building C object CMakeFiles/atari_ikbd.dir/pico-sdk/lib/btstack/src/classic/avdtp_acceptor.c.o
[ 79%] Building C object CMakeFiles/atari_ikbd.dir/pico-sdk/lib/btstack/src/classic/avdtp_initiator.c.o
[ 79%] Building C object CMakeFiles/atari_ikbd.dir/pico-sdk/lib/btstack/src/classic/avdtp_sink.c.o
[ 79%] Building C object CMakeFiles/atari_ikbd.dir/pico-sdk/lib/btstack/src/classic/avdtp_source.c.o
[ 79%] Building C object CMakeFiles/atari_ikbd.dir/pico-sdk/lib/btstack/src/classic/avdtp_util.c.o
[ 79%] Building C object CMakeFiles/atari_ikbd.dir/pico-sdk/lib/btstack/src/classic/avrcp.c.o
[ 80%] Building C object CMakeFiles/atari_ikbd.dir/pico-sdk/lib/btstack/src/classic/avrcp_browsing.c.o
[ 80%] Building C object CMakeFiles/atari_ikbd.dir/pico-sdk/lib/btstack/src/classic/avrcp_browsing_controller.c.o
[ 80%] Building C object CMakeFiles/atari_ikbd.dir/pico-sdk/lib/btstack/src/classic/avrcp_browsing_target.c.o
[ 80%] Building C object CMakeFiles/atari_ikbd.dir/pico-sdk/lib/btstack/src/classic/avrcp_controller.c.o
[ 80%] Building C object CMakeFiles/atari_ikbd.dir/pico-sdk/lib/btstack/src/classic/avrcp_cover_art_client.c.o
[ 81%] Building C object CMakeFiles/atari_ikbd.dir/pico-sdk/lib/btstack/src/classic/avrcp_media_item_iterator.c.o
[ 81%] Building C object CMakeFiles/atari_ikbd.dir/pico-sdk/lib/btstack/src/classic/btstack_cvsd_plc.c.o
[ 81%] Building C object CMakeFiles/atari_ikbd.dir/pico-sdk/lib/btstack/src/classic/avrcp_target.c.o
[ 81%] Building C object CMakeFiles/atari_ikbd.dir/pico-sdk/lib/btstack/src/classic/btstack_link_key_db_tlv.c.o
[ 81%] Building C object CMakeFiles/atari_ikbd.dir/pico-sdk/lib/btstack/src/classic/btstack_link_key_db_memory.c.o
[ 82%] Building C object CMakeFiles/atari_ikbd.dir/pico-sdk/lib/btstack/src/classic/btstack_sbc_plc.c.o
[ 82%] Building C object CMakeFiles/atari_ikbd.dir/pico-sdk/lib/btstack/src/classic/device_id_server.c.o
[ 82%] Building C object CMakeFiles/atari_ikbd.dir/pico-sdk/lib/btstack/src/classic/gatt_sdp.c.o
[ 82%] Building C object CMakeFiles/atari_ikbd.dir/pico-sdk/lib/btstack/src/classic/goep_client.c.o
[ 82%] Building C object CMakeFiles/atari_ikbd.dir/pico-sdk/lib/btstack/src/classic/goep_server.c.o
[ 83%] Building C object CMakeFiles/atari_ikbd.dir/pico-sdk/lib/btstack/src/classic/hfp.c.o
[ 83%] Building C object CMakeFiles/atari_ikbd.dir/pico-sdk/lib/btstack/src/classic/hfp_ag.c.o
[ 83%] Building C object CMakeFiles/atari_ikbd.dir/pico-sdk/lib/btstack/src/classic/hfp_gsm_model.c.o
[ 83%] Building C object CMakeFiles/atari_ikbd.dir/pico-sdk/lib/btstack/src/classic/hfp_hf.c.o
[ 84%] Building C object CMakeFiles/atari_ikbd.dir/pico-sdk/lib/btstack/src/classic/hfp_msbc.c.o
[ 84%] Building C object CMakeFiles/atari_ikbd.dir/pico-sdk/lib/btstack/src/classic/hid_device.c.o
[ 84%] Building C object CMakeFiles/atari_ikbd.dir/pico-sdk/lib/btstack/src/classic/hid_host.c.o
[ 84%] Building C object CMakeFiles/atari_ikbd.dir/pico-sdk/lib/btstack/src/classic/hsp_ag.c.o
[ 84%] Building C object CMakeFiles/atari_ikbd.dir/pico-sdk/lib/btstack/src/classic/hsp_hs.c.o
[ 85%] Building C object CMakeFiles/atari_ikbd.dir/pico-sdk/lib/btstack/src/classic/obex_iterator.c.o
[ 85%] Building C object CMakeFiles/atari_ikbd.dir/pico-sdk/lib/btstack/src/classic/obex_message_builder.c.o
[ 85%] Building C object CMakeFiles/atari_ikbd.dir/pico-sdk/lib/btstack/src/classic/obex_parser.c.o
[ 85%] Building C object CMakeFiles/atari_ikbd.dir/pico-sdk/lib/btstack/src/classic/pan.c.o
[ 85%] Building C object CMakeFiles/atari_ikbd.dir/pico-sdk/lib/btstack/src/classic/pbap_client.c.o
[ 86%] Building C object CMakeFiles/atari_ikbd.dir/pico-sdk/lib/btstack/src/classic/rfcomm.c.o
[ 86%] Building C object CMakeFiles/atari_ikbd.dir/pico-sdk/lib/btstack/src/classic/sdp_client.c.o
[ 86%] Building C object CMakeFiles/atari_ikbd.dir/pico-sdk/lib/btstack/src/classic/sdp_client_rfcomm.c.o
[ 86%] Building C object CMakeFiles/atari_ikbd.dir/pico-sdk/lib/btstack/src/classic/sdp_server.c.o
[ 86%] Building C object CMakeFiles/atari_ikbd.dir/pico-sdk/lib/btstack/src/classic/sdp_util.c.o
[ 87%] Building C object CMakeFiles/atari_ikbd.dir/pico-sdk/lib/btstack/src/classic/spp_server.c.o
[ 87%] Building C object CMakeFiles/atari_ikbd.dir/pico-sdk/lib/btstack/src/classic/obex_srm_client.c.o
[ 87%] Building C object CMakeFiles/atari_ikbd.dir/pico-sdk/lib/btstack/3rd-party/micro-ecc/uECC.c.o
[ 87%] Building C object CMakeFiles/atari_ikbd.dir/pico-sdk/lib/btstack/3rd-party/rijndael/rijndael.c.o
[ 88%] Building C object CMakeFiles/atari_ikbd.dir/pico-sdk/lib/btstack/3rd-party/segger-rtt/SEGGER_RTT_printf.c.o
[ 88%] Building C object CMakeFiles/atari_ikbd.dir/pico-sdk/lib/btstack/platform/embedded/btstack_tlv_flash_bank.c.o
[ 88%] Building C object CMakeFiles/atari_ikbd.dir/pico-sdk/lib/btstack/platform/embedded/hci_dump_embedded_stdout.c.o
[ 88%] Building C object CMakeFiles/atari_ikbd.dir/pico-sdk/lib/btstack/platform/embedded/hci_dump_segger_rtt_stdout.c.o
[ 88%] Building C object CMakeFiles/atari_ikbd.dir/pico-sdk/lib/btstack/src/ad_parser.c.o
[ 89%] Building C object CMakeFiles/atari_ikbd.dir/pico-sdk/lib/btstack/src/btstack_audio.c.o
[ 89%] Building C object CMakeFiles/atari_ikbd.dir/pico-sdk/lib/btstack/src/btstack_base64_decoder.c.o
[ 89%] Building C object CMakeFiles/atari_ikbd.dir/pico-sdk/lib/btstack/src/btstack_crypto.c.o
[ 89%] Building C object CMakeFiles/atari_ikbd.dir/pico-sdk/lib/btstack/src/btstack_hid.c.o
[ 89%] Building C object CMakeFiles/atari_ikbd.dir/pico-sdk/lib/btstack/src/btstack_hid_parser.c.o
[ 90%] Building C object CMakeFiles/atari_ikbd.dir/pico-sdk/lib/btstack/src/btstack_linked_list.c.o
[ 90%] Building C object CMakeFiles/atari_ikbd.dir/pico-sdk/lib/btstack/src/btstack_memory.c.o
[ 90%] Building C object CMakeFiles/atari_ikbd.dir/pico-sdk/lib/btstack/src/btstack_memory_pool.c.o
[ 90%] Building C object CMakeFiles/atari_ikbd.dir/pico-sdk/lib/btstack/src/btstack_resample.c.o
[ 90%] Building C object CMakeFiles/atari_ikbd.dir/pico-sdk/lib/btstack/src/btstack_ring_buffer.c.o
[ 91%] Building C object CMakeFiles/atari_ikbd.dir/pico-sdk/lib/btstack/src/btstack_run_loop.c.o
[ 91%] Building C object CMakeFiles/atari_ikbd.dir/pico-sdk/lib/btstack/src/btstack_run_loop_base.c.o
[ 91%] Building C object CMakeFiles/atari_ikbd.dir/pico-sdk/lib/btstack/src/btstack_slip.c.o
[ 91%] Building C object CMakeFiles/atari_ikbd.dir/pico-sdk/lib/btstack/src/btstack_tlv.c.o
[ 92%] Building C object CMakeFiles/atari_ikbd.dir/pico-sdk/lib/btstack/src/btstack_tlv_none.c.o
[ 92%] Building C object CMakeFiles/atari_ikbd.dir/pico-sdk/lib/btstack/src/btstack_util.c.o
[ 92%] Building C object CMakeFiles/atari_ikbd.dir/pico-sdk/lib/btstack/src/hci.c.o
[ 92%] Building C object CMakeFiles/atari_ikbd.dir/pico-sdk/lib/btstack/src/hci_cmd.c.o
[ 92%] Building C object CMakeFiles/atari_ikbd.dir/pico-sdk/lib/btstack/src/hci_dump.c.o
[ 93%] Building C object CMakeFiles/atari_ikbd.dir/pico-sdk/lib/btstack/src/hci_event.c.o
[ 93%] Building C object CMakeFiles/atari_ikbd.dir/pico-sdk/lib/btstack/src/l2cap.c.o
[ 93%] Building C object CMakeFiles/atari_ikbd.dir/pico-sdk/lib/btstack/src/l2cap_signaling.c.o
[ 93%] Building C object CMakeFiles/atari_ikbd.dir/pico-sdk/lib/btstack/3rd-party/md5/md5.c.o
[ 93%] Building C object CMakeFiles/atari_ikbd.dir/pico-sdk/lib/btstack/3rd-party/yxml/yxml.c.o
[ 94%] Building C object CMakeFiles/atari_ikbd.dir/pico-sdk/src/rp2_common/pico_btstack/btstack_stdin_pico.c.o
[ 94%] Building C object CMakeFiles/atari_ikbd.dir/pico-sdk/lib/btstack/3rd-party/segger-rtt/SEGGER_RTT.c.o
[ 94%] Building C object CMakeFiles/atari_ikbd.dir/pico-sdk/src/rp2_common/pico_cyw43_driver/btstack_cyw43.c.o
[ 94%] Building C object CMakeFiles/atari_ikbd.dir/pico-sdk/src/rp2_common/pico_btstack/btstack_flash_bank.c.o
[ 94%] Building C object CMakeFiles/atari_ikbd.dir/pico-sdk/src/rp2_common/pico_btstack/btstack_run_loop_async_context.c.o
[ 95%] Building C object CMakeFiles/atari_ikbd.dir/pico-sdk/src/rp2_common/pico_cyw43_driver/btstack_hci_transport_cyw43.c.o
[ 95%] Building C object CMakeFiles/atari_ikbd.dir/pico-sdk/src/rp2_common/pico_cyw43_driver/btstack_chipset_cyw43.c.o
[ 95%] Building C object CMakeFiles/atari_ikbd.dir/pico-sdk/src/rp2_common/pico_async_context/async_context_poll.c.o
[ 95%] Building C object CMakeFiles/atari_ikbd.dir/pico-sdk/lib/btstack/src/ble/att_db.c.o
[ 96%] Building C object CMakeFiles/atari_ikbd.dir/pico-sdk/lib/btstack/src/ble/att_db_util.c.o
[ 96%] Building C object CMakeFiles/atari_ikbd.dir/pico-sdk/lib/btstack/src/ble/att_dispatch.c.o
[ 96%] Building C object CMakeFiles/atari_ikbd.dir/pico-sdk/lib/btstack/src/ble/att_server.c.o
[ 96%] Building C object CMakeFiles/atari_ikbd.dir/pico-sdk/lib/btstack/src/ble/gatt-service/battery_service_server.c.o
[ 96%] Building C object CMakeFiles/atari_ikbd.dir/pico-sdk/lib/btstack/src/ble/gatt-service/battery_service_client.c.o
[ 97%] Building C object CMakeFiles/atari_ikbd.dir/pico-sdk/lib/btstack/src/ble/gatt-service/cycling_power_service_server.c.o
[ 97%] Building C object CMakeFiles/atari_ikbd.dir/pico-sdk/lib/btstack/src/ble/gatt-service/cycling_speed_and_cadence_service_server.c.o
[ 97%] Building C object CMakeFiles/atari_ikbd.dir/pico-sdk/lib/btstack/src/ble/gatt-service/device_information_service_server.c.o
[ 97%] Building C object CMakeFiles/atari_ikbd.dir/pico-sdk/lib/btstack/src/ble/gatt-service/device_information_service_client.c.o
[ 97%] Building C object CMakeFiles/atari_ikbd.dir/pico-sdk/lib/btstack/src/ble/gatt-service/heart_rate_service_server.c.o
[ 98%] Building C object CMakeFiles/atari_ikbd.dir/pico-sdk/lib/btstack/src/ble/gatt-service/hids_client.c.o
[ 98%] Building C object CMakeFiles/atari_ikbd.dir/pico-sdk/lib/btstack/src/ble/gatt-service/nordic_spp_service_server.c.o
[ 98%] Building C object CMakeFiles/atari_ikbd.dir/pico-sdk/lib/btstack/src/ble/gatt-service/hids_device.c.o
[ 98%] Building C object CMakeFiles/atari_ikbd.dir/pico-sdk/lib/btstack/src/ble/gatt-service/ublox_spp_service_server.c.o
[ 98%] Building C object CMakeFiles/atari_ikbd.dir/pico-sdk/lib/btstack/src/ble/gatt-service/ancs_client.c.o
[ 99%] Building C object CMakeFiles/atari_ikbd.dir/pico-sdk/lib/btstack/src/ble/gatt_client.c.o
[ 99%] Building C object CMakeFiles/atari_ikbd.dir/pico-sdk/lib/btstack/src/ble/le_device_db_memory.c.o
[ 99%] Building C object CMakeFiles/atari_ikbd.dir/pico-sdk/lib/btstack/src/ble/le_device_db_tlv.c.o
[ 99%] Building C object CMakeFiles/atari_ikbd.dir/pico-sdk/lib/btstack/src/ble/sm.c.o
[100%] Building C object CMakeFiles/atari_ikbd.dir/pico-sdk/lib/btstack/src/hci_event_builder.c.o
[100%] Linking CXX executable atari_ikbd_pico2_w.elf
[100%] Built target atari_ikbd
